<?xml version="1.0" encoding="UTF-8"?>
<testng-results ignored="0" total="1" passed="1" failed="0" skipped="0">
  <reporter-output>
  </reporter-output>
  <suite started-at="2023-02-26T12:10:34 IST" name="Default suite" finished-at="2023-02-26T12:10:37 IST" duration-ms="2769">
    <groups>
    </groups>
    <test started-at="2023-02-26T12:10:34 IST" name="Default test" finished-at="2023-02-26T12:10:37 IST" duration-ms="2769">
      <class name="Test01_">
        <test-method signature="test_01()[pri:0, instance:Test01_@3e96bacf]" started-at="2023-02-26T12:10:34 IST" name="test_01" finished-at="2023-02-26T12:10:37 IST" duration-ms="2706" status="PASS">
          <reporter-output>
          </reporter-output>
        </test-method> <!-- test_01 -->
      </class> <!-- Test01_ -->
    </test> <!-- Default test -->
  </suite> <!-- Default suite -->
</testng-results>
